<?xml version="1.0" encoding="utf-8"?><testsuites name="pytest tests"><testsuite name="pytest" errors="0" failures="0" skipped="0" tests="9" time="0.705" timestamp="2026-04-23T09:56:48.439588+00:00" hostname="agent-env-4ba12f15-6c19-4127-998b-b801f93c1b83"><testcase classname="backend.tests.backend_test.TestHealth" name="test_health_ok" time="0.130" /><testcase classname="backend.tests.backend_test.TestContact" name="test_contact_submit_valid" time="0.058" /><testcase classname="backend.tests.backend_test.TestContact" name="test_contact_persisted_in_leads" time="0.051" /><testcase classname="backend.tests.backend_test.TestContact" name="test_contact_service_normalized_to_other" time="0.107" /><testcase classname="backend.tests.backend_test.TestContact" name="test_contact_invalid_email_returns_422" time="0.046" /><testcase classname="backend.tests.backend_test.TestContact" name="test_contact_short_name_returns_422" time="0.047" /><testcase classname="backend.tests.backend_test.TestContact" name="test_contact_short_message_returns_422" time="0.053" /><testcase classname="backend.tests.backend_test.TestContact" name="test_contact_minimal_payload_no_company_budget" time="0.095" /><testcase classname="backend.tests.backend_test.TestLeads" name="test_leads_list_no_objectid" time="0.050" /></testsuite></testsuites>